					Resumen Itinerario				
-----------------------------------------------------------
Visitante: FRODO
Presupuesto Restante: $2.0
Tiempo Sobrante: 4.5 Hrs 
Actividad Favorita: DEGUSTACION
-----------------------------------------------------------
Promocion de monto fijo (DEGUSTACION):
-Duracion en Horas del paquete = 2.0
-Precio Original = 65.0
-Precio Final = 36.0
-Atracciones Incluidas: 
*Atraccion (DEGUSTACION):
	- Nombre = LOTHLORIEN
	- Precio = 35.0
	- Duracion en horas = 1.0
*Atraccion (DEGUSTACION):
	- Nombre = LA COMARCA
	- Precio = 30.0
	- Duracion en horas = 1.0


Atraccion (PAISAJE):
	- Nombre = EREBOR
	- Precio = 12.0
	- Duracion en horas = 1.5

Costo Total: $48.0
Tiempo Total: 3.5 Hrs
