					Resumen Itinerario				
-----------------------------------------------------------
Visitante: GANDALF
Presupuesto Restante: $8.0
Tiempo Sobrante: 14.0 Hrs 
Actividad Favorita: PAISAJE
-----------------------------------------------------------
Promocion combo (PAISAJE):
-Duracion en Horas del paquete = 6.0
-Precio Original = 24.0
-Precio Final = 12.0
-Cantidad de atracciones gratis = 1
-Atracciones gratis = EREBOR
-Atracciones Incluidas: 
*Atraccion (PAISAJE):
	- Nombre = EREBOR
	- Precio = 12.0
	- Duracion en horas = 1.5
*Atraccion (PAISAJE):
	- Nombre = MINAS TIRITH
	- Precio = 7.0
	- Duracion en horas = 2.5
*Atraccion (PAISAJE):
	- Nombre = ABISMO DE HELM
	- Precio = 5.0
	- Duracion en horas = 2.0


Costo Total: $12.0
Tiempo Total: 6.0 Hrs
